<?xml version="1.0" encoding="utf-8" standalone="no"?>
<!--This file represents the results of running a test suite-->
<test-results name="E:\Nunit\Nunitstudy\Nunitstudy\bin\Debug\Nunitstudy.dll" total="1" errors="0" failures="0" not-run="0" inconclusive="0" ignored="0" skipped="0" invalid="0" date="2018-07-10" time="18:23:15">
  <environment nunit-version="2.6.4.14350" clr-version="2.0.50727.8922" os-version="Microsoft Windows NT 6.2.9200.0" platform="Win32NT" cwd="E:\Nunit\Nunitstudy\Nunitstudy\bin\Debug" machine-name="DESKTOP-0JALUIO" user="陆紫荆" user-domain="DESKTOP-0JALUIO" />
  <culture-info current-culture="zh-CN" current-uiculture="zh-CN" />
  <test-suite type="Assembly" name="E:\Nunit\Nunitstudy\Nunitstudy\bin\Debug\Nunitstudy.dll" executed="True" result="Success" success="True" time="0.055" asserts="0">
    <results>
      <test-suite type="Namespace" name="Nunitstudy" executed="True" result="Success" success="True" time="0.027" asserts="0">
        <results>
          <test-suite type="TestFixture" name="NumersFixture" executed="True" result="Success" success="True" time="0.026" asserts="0">
            <results>
              <test-case name="Nunitstudy.NumersFixture.AddTwoNumbers" executed="True" result="Success" success="True" time="0.017" asserts="1" />
            </results>
          </test-suite>
        </results>
      </test-suite>
    </results>
  </test-suite>
</test-results>